<?xml version="1.0" encoding="UTF-8"?>
<!-- Generated by org.testng.reporters.JUnitReportReporter -->
<testsuite hostname="DESKTOP-RMK10NM" failures="0" tests="1" name="com.testcase.Login" time="2.622" errors="0" timestamp="1 Jun 2023 05:27:43 GMT">
  <testcase classname="com.testcase.Login" name="Loginapp" time="2.622"/>
</testsuite> <!-- com.testcase.Login -->
